This is pdfTeX, Version 3.14159265-2.6-1.40.18 (TeX Live 2017) (preloaded format=pdflatex 2017.5.23)  11 APR 2018 15:03
entering extended mode
 restricted \write18 enabled.
 file:line:error style messages enabled.
 %&-line parsing enabled.
**layered_CIs_and_returns_ofint.tex
(./layered_CIs_and_returns_ofint.tex
LaTeX2e <2017-04-15>
Babel <3.10> and hyphenation patterns for 84 language(s) loaded.
(/usr/local/texlive/2017/texmf-dist/tex/latex/base/article.cls
Document Class: article 2014/09/29 v1.4h Standard LaTeX document class
(/usr/local/texlive/2017/texmf-dist/tex/latex/base/size10.clo
File: size10.clo 2014/09/29 v1.4h Standard LaTeX file (size option)
)
\c@part=\count79
\c@section=\count80
\c@subsection=\count81
\c@subsubsection=\count82
\c@paragraph=\count83
\c@subparagraph=\count84
\c@figure=\count85
\c@table=\count86
\abovecaptionskip=\skip41
\belowcaptionskip=\skip42
\bibindent=\dimen102
)
(/usr/local/texlive/2017/texmf-dist/tex/latex/graphics/graphicx.sty
Package: graphicx 2014/10/28 v1.0g Enhanced LaTeX Graphics (DPC,SPQR)

(/usr/local/texlive/2017/texmf-dist/tex/latex/graphics/keyval.sty
Package: keyval 2014/10/28 v1.15 key=value parser (DPC)
\KV@toks@=\toks14
)
(/usr/local/texlive/2017/texmf-dist/tex/latex/graphics/graphics.sty
Package: graphics 2017/04/14 v1.1b Standard LaTeX Graphics (DPC,SPQR)

(/usr/local/texlive/2017/texmf-dist/tex/latex/graphics/trig.sty
Package: trig 2016/01/03 v1.10 sin cos tan (DPC)
)
(/usr/local/texlive/2017/texmf-dist/tex/latex/graphics-cfg/graphics.cfg
File: graphics.cfg 2016/06/04 v1.11 sample graphics configuration
)
Package graphics Info: Driver file: pdftex.def on input line 99.

(/usr/local/texlive/2017/texmf-dist/tex/latex/graphics-def/pdftex.def
File: pdftex.def 2017/01/12 v0.06k Graphics/color for pdfTeX

(/usr/local/texlive/2017/texmf-dist/tex/generic/oberdiek/infwarerr.sty
Package: infwarerr 2016/05/16 v1.4 Providing info/warning/error messages (HO)
)
(/usr/local/texlive/2017/texmf-dist/tex/generic/oberdiek/ltxcmds.sty
Package: ltxcmds 2016/05/16 v1.23 LaTeX kernel commands for general use (HO)
)
\Gread@gobject=\count87
))
\Gin@req@height=\dimen103
\Gin@req@width=\dimen104
)
(/usr/local/texlive/2017/texmf-dist/tex/latex/caption/subcaption.sty
Package: subcaption 2016/05/22 v1.1-161 Sub-captions (AR)

(/usr/local/texlive/2017/texmf-dist/tex/latex/caption/caption.sty
Package: caption 2016/02/21 v3.3-144 Customizing captions (AR)

(/usr/local/texlive/2017/texmf-dist/tex/latex/caption/caption3.sty
Package: caption3 2016/05/22 v1.7-166 caption3 kernel (AR)
Package caption3 Info: TeX engine: e-TeX on input line 67.
\captionmargin=\dimen105
\captionmargin@=\dimen106
\captionwidth=\dimen107
\caption@tempdima=\dimen108
\caption@indent=\dimen109
\caption@parindent=\dimen110
\caption@hangindent=\dimen111
)
\c@ContinuedFloat=\count88
)
\c@subfigure=\count89
\c@subtable=\count90
)
(./layered_CIs_and_returns_ofint.aux

LaTeX Warning: Label `fig:2' multiply defined.


LaTeX Warning: Label `sub@fig:2' multiply defined.


LaTeX Warning: Label `fig:1' multiply defined.


LaTeX Warning: Label `sub@fig:1' multiply defined.


LaTeX Warning: Label `fig:2' multiply defined.


LaTeX Warning: Label `sub@fig:2' multiply defined.


LaTeX Warning: Label `fig:2' multiply defined.


LaTeX Warning: Label `sub@fig:2' multiply defined.


LaTeX Warning: Label `fig:1' multiply defined.


LaTeX Warning: Label `sub@fig:1' multiply defined.


LaTeX Warning: Label `fig:2' multiply defined.


LaTeX Warning: Label `sub@fig:2' multiply defined.


LaTeX Warning: Label `fig:2' multiply defined.


LaTeX Warning: Label `sub@fig:2' multiply defined.


LaTeX Warning: Label `fig:1' multiply defined.


LaTeX Warning: Label `sub@fig:1' multiply defined.


LaTeX Warning: Label `fig:2' multiply defined.


LaTeX Warning: Label `sub@fig:2' multiply defined.


LaTeX Warning: Label `fig:2' multiply defined.


LaTeX Warning: Label `sub@fig:2' multiply defined.


LaTeX Warning: Label `fig:1' multiply defined.


LaTeX Warning: Label `sub@fig:1' multiply defined.


LaTeX Warning: Label `fig:2' multiply defined.


LaTeX Warning: Label `sub@fig:2' multiply defined.


LaTeX Warning: Label `fig:2' multiply defined.


LaTeX Warning: Label `sub@fig:2' multiply defined.


LaTeX Warning: Label `fig:1' multiply defined.


LaTeX Warning: Label `sub@fig:1' multiply defined.


LaTeX Warning: Label `fig:2' multiply defined.


LaTeX Warning: Label `sub@fig:2' multiply defined.


LaTeX Warning: Label `fig:2' multiply defined.


LaTeX Warning: Label `sub@fig:2' multiply defined.


LaTeX Warning: Label `fig:1' multiply defined.


LaTeX Warning: Label `sub@fig:1' multiply defined.


LaTeX Warning: Label `fig:2' multiply defined.


LaTeX Warning: Label `sub@fig:2' multiply defined.


LaTeX Warning: Label `fig:2' multiply defined.


LaTeX Warning: Label `sub@fig:2' multiply defined.


LaTeX Warning: Label `fig:1' multiply defined.


LaTeX Warning: Label `sub@fig:1' multiply defined.


LaTeX Warning: Label `fig:2' multiply defined.


LaTeX Warning: Label `sub@fig:2' multiply defined.


LaTeX Warning: Label `fig:2' multiply defined.


LaTeX Warning: Label `sub@fig:2' multiply defined.


LaTeX Warning: Label `fig:1' multiply defined.


LaTeX Warning: Label `sub@fig:1' multiply defined.


LaTeX Warning: Label `fig:2' multiply defined.


LaTeX Warning: Label `sub@fig:2' multiply defined.


LaTeX Warning: Label `fig:2' multiply defined.


LaTeX Warning: Label `sub@fig:2' multiply defined.


LaTeX Warning: Label `fig:1' multiply defined.


LaTeX Warning: Label `sub@fig:1' multiply defined.


LaTeX Warning: Label `fig:2' multiply defined.


LaTeX Warning: Label `sub@fig:2' multiply defined.


LaTeX Warning: Label `fig:2' multiply defined.


LaTeX Warning: Label `sub@fig:2' multiply defined.


LaTeX Warning: Label `fig:1' multiply defined.


LaTeX Warning: Label `sub@fig:1' multiply defined.


LaTeX Warning: Label `fig:2' multiply defined.


LaTeX Warning: Label `sub@fig:2' multiply defined.


LaTeX Warning: Label `fig:2' multiply defined.


LaTeX Warning: Label `sub@fig:2' multiply defined.


LaTeX Warning: Label `fig:1' multiply defined.


LaTeX Warning: Label `sub@fig:1' multiply defined.


LaTeX Warning: Label `fig:2' multiply defined.


LaTeX Warning: Label `sub@fig:2' multiply defined.


LaTeX Warning: Label `fig:2' multiply defined.


LaTeX Warning: Label `sub@fig:2' multiply defined.


LaTeX Warning: Label `fig:1' multiply defined.


LaTeX Warning: Label `sub@fig:1' multiply defined.


LaTeX Warning: Label `fig:2' multiply defined.


LaTeX Warning: Label `sub@fig:2' multiply defined.


LaTeX Warning: Label `fig:2' multiply defined.


LaTeX Warning: Label `sub@fig:2' multiply defined.


LaTeX Warning: Label `fig:1' multiply defined.


LaTeX Warning: Label `sub@fig:1' multiply defined.


LaTeX Warning: Label `fig:2' multiply defined.


LaTeX Warning: Label `sub@fig:2' multiply defined.


LaTeX Warning: Label `fig:2' multiply defined.


LaTeX Warning: Label `sub@fig:2' multiply defined.


LaTeX Warning: Label `fig:1' multiply defined.


LaTeX Warning: Label `sub@fig:1' multiply defined.


LaTeX Warning: Label `fig:2' multiply defined.


LaTeX Warning: Label `sub@fig:2' multiply defined.


LaTeX Warning: Label `fig:2' multiply defined.


LaTeX Warning: Label `sub@fig:2' multiply defined.

)
\openout1 = `layered_CIs_and_returns_ofint.aux'.

LaTeX Font Info:    Checking defaults for OML/cmm/m/it on input line 5.
LaTeX Font Info:    ... okay on input line 5.
LaTeX Font Info:    Checking defaults for T1/cmr/m/n on input line 5.
LaTeX Font Info:    ... okay on input line 5.
LaTeX Font Info:    Checking defaults for OT1/cmr/m/n on input line 5.
LaTeX Font Info:    ... okay on input line 5.
LaTeX Font Info:    Checking defaults for OMS/cmsy/m/n on input line 5.
LaTeX Font Info:    ... okay on input line 5.
LaTeX Font Info:    Checking defaults for OMX/cmex/m/n on input line 5.
LaTeX Font Info:    ... okay on input line 5.
LaTeX Font Info:    Checking defaults for U/cmr/m/n on input line 5.
LaTeX Font Info:    ... okay on input line 5.
 (/usr/local/texlive/2017/texmf-dist/tex/context/base/mkii/supp-pdf.mkii
[Loading MPS to PDF converter (version 2006.09.02).]
\scratchcounter=\count91
\scratchdimen=\dimen112
\scratchbox=\box26
\nofMPsegments=\count92
\nofMParguments=\count93
\everyMPshowfont=\toks15
\MPscratchCnt=\count94
\MPscratchDim=\dimen113
\MPnumerator=\count95
\makeMPintoPDFobject=\count96
\everyMPtoPDFconversion=\toks16
) (/usr/local/texlive/2017/texmf-dist/tex/generic/oberdiek/pdftexcmds.sty
Package: pdftexcmds 2017/03/19 v0.25 Utility functions of pdfTeX for LuaTeX (HO
)

(/usr/local/texlive/2017/texmf-dist/tex/generic/oberdiek/ifluatex.sty
Package: ifluatex 2016/05/16 v1.4 Provides the ifluatex switch (HO)
Package ifluatex Info: LuaTeX not detected.
)
(/usr/local/texlive/2017/texmf-dist/tex/generic/oberdiek/ifpdf.sty
Package: ifpdf 2017/03/15 v3.2 Provides the ifpdf switch
)
Package pdftexcmds Info: LuaTeX not detected.
Package pdftexcmds Info: \pdf@primitive is available.
Package pdftexcmds Info: \pdf@ifprimitive is available.
Package pdftexcmds Info: \pdfdraftmode found.
)
(/usr/local/texlive/2017/texmf-dist/tex/latex/oberdiek/epstopdf-base.sty
Package: epstopdf-base 2016/05/15 v2.6 Base part for package epstopdf

(/usr/local/texlive/2017/texmf-dist/tex/latex/oberdiek/grfext.sty
Package: grfext 2016/05/16 v1.2 Manage graphics extensions (HO)

(/usr/local/texlive/2017/texmf-dist/tex/generic/oberdiek/kvdefinekeys.sty
Package: kvdefinekeys 2016/05/16 v1.4 Define keys (HO)
))
(/usr/local/texlive/2017/texmf-dist/tex/latex/oberdiek/kvoptions.sty
Package: kvoptions 2016/05/16 v3.12 Key value format for package options (HO)

(/usr/local/texlive/2017/texmf-dist/tex/generic/oberdiek/kvsetkeys.sty
Package: kvsetkeys 2016/05/16 v1.17 Key value parser (HO)

(/usr/local/texlive/2017/texmf-dist/tex/generic/oberdiek/etexcmds.sty
Package: etexcmds 2016/05/16 v1.6 Avoid name clashes with e-TeX commands (HO)
Package etexcmds Info: Could not find \expanded.
(etexcmds)             That can mean that you are not using pdfTeX 1.50 or
(etexcmds)             that some package has redefined \expanded.
(etexcmds)             In the latter case, load this package earlier.
)))
Package epstopdf-base Info: Redefining graphics rule for `.eps' on input line 4
38.
Package grfext Info: Graphics extension search list:
(grfext)             [.png,.pdf,.jpg,.mps,.jpeg,.jbig2,.jb2,.PNG,.PDF,.JPG,.JPE
G,.JBIG2,.JB2,.eps]
(grfext)             \AppendGraphicsExtensions on input line 456.

(/usr/local/texlive/2017/texmf-dist/tex/latex/latexconfig/epstopdf-sys.cfg
File: epstopdf-sys.cfg 2010/07/13 v1.3 Configuration of (r)epstopdf for TeX Liv
e
))
Package caption Info: Begin \AtBeginDocument code.
Package caption Info: End \AtBeginDocument code.

<Durbl/pointwiseCIs_layered_CAPM.jpg, id=1, 722.7pt x 361.35pt>
File: Durbl/pointwiseCIs_layered_CAPM.jpg Graphic file (type jpg)

<use Durbl/pointwiseCIs_layered_CAPM.jpg>
Package pdftex.def Info: Durbl/pointwiseCIs_layered_CAPM.jpg used on input line
 12.
(pdftex.def)             Requested size: 345.0pt x 172.49767pt.

<Durbl/full_cumrets_ofint_CAPM.jpg, id=2, 722.7pt x 361.35pt>
File: Durbl/full_cumrets_ofint_CAPM.jpg Graphic file (type jpg)

<use Durbl/full_cumrets_ofint_CAPM.jpg>
Package pdftex.def Info: Durbl/full_cumrets_ofint_CAPM.jpg used on input line 1
7.
(pdftex.def)             Requested size: 155.24895pt x 77.62256pt.

<Durbl/bwunif_full_cumrets_ofint_CAPM.jpg, id=3, 722.7pt x 361.35pt>
File: Durbl/bwunif_full_cumrets_ofint_CAPM.jpg Graphic file (type jpg)

<use Durbl/bwunif_full_cumrets_ofint_CAPM.jpg>
Package pdftex.def Info: Durbl/bwunif_full_cumrets_ofint_CAPM.jpg used on input
 line 23.
(pdftex.def)             Requested size: 155.24895pt x 77.62256pt.

<Durbl/pointwiseCIs_layered_FF3.jpg, id=4, 722.7pt x 361.35pt>
File: Durbl/pointwiseCIs_layered_FF3.jpg Graphic file (type jpg)

<use Durbl/pointwiseCIs_layered_FF3.jpg>
Package pdftex.def Info: Durbl/pointwiseCIs_layered_FF3.jpg used on input line 
37.
(pdftex.def)             Requested size: 345.0pt x 172.49767pt.

<Durbl/full_cumrets_ofint_FF3.jpg, id=5, 722.7pt x 361.35pt>
File: Durbl/full_cumrets_ofint_FF3.jpg Graphic file (type jpg)

<use Durbl/full_cumrets_ofint_FF3.jpg>
Package pdftex.def Info: Durbl/full_cumrets_ofint_FF3.jpg used on input line 42
.
(pdftex.def)             Requested size: 155.24895pt x 77.62256pt.

<Durbl/bwunif_full_cumrets_ofint_FF3.jpg, id=6, 722.7pt x 361.35pt>
File: Durbl/bwunif_full_cumrets_ofint_FF3.jpg Graphic file (type jpg)

<use Durbl/bwunif_full_cumrets_ofint_FF3.jpg>
Package pdftex.def Info: Durbl/bwunif_full_cumrets_ofint_FF3.jpg used on input 
line 48.
(pdftex.def)             Requested size: 155.24895pt x 77.62256pt.

<Durbl/pointwiseCIs_layered_FF5.jpg, id=7, 722.7pt x 361.35pt>
File: Durbl/pointwiseCIs_layered_FF5.jpg Graphic file (type jpg)

<use Durbl/pointwiseCIs_layered_FF5.jpg>
Package pdftex.def Info: Durbl/pointwiseCIs_layered_FF5.jpg used on input line 
62.
(pdftex.def)             Requested size: 345.0pt x 172.49767pt.

<Durbl/full_cumrets_ofint_FF5.jpg, id=8, 722.7pt x 361.35pt>
File: Durbl/full_cumrets_ofint_FF5.jpg Graphic file (type jpg)

<use Durbl/full_cumrets_ofint_FF5.jpg>
Package pdftex.def Info: Durbl/full_cumrets_ofint_FF5.jpg used on input line 67
.
(pdftex.def)             Requested size: 155.24895pt x 77.62256pt.

<Durbl/bwunif_full_cumrets_ofint_FF5.jpg, id=9, 722.7pt x 361.35pt>
File: Durbl/bwunif_full_cumrets_ofint_FF5.jpg Graphic file (type jpg)

<use Durbl/bwunif_full_cumrets_ofint_FF5.jpg>
Package pdftex.def Info: Durbl/bwunif_full_cumrets_ofint_FF5.jpg used on input 
line 73.
(pdftex.def)             Requested size: 155.24895pt x 77.62256pt.

<BusEq/pointwiseCIs_layered_CAPM.jpg, id=10, 722.7pt x 361.35pt>
File: BusEq/pointwiseCIs_layered_CAPM.jpg Graphic file (type jpg)

<use BusEq/pointwiseCIs_layered_CAPM.jpg>
Package pdftex.def Info: BusEq/pointwiseCIs_layered_CAPM.jpg used on input line
 87.
(pdftex.def)             Requested size: 345.0pt x 172.49767pt.

<BusEq/full_cumrets_ofint_CAPM.jpg, id=11, 722.7pt x 361.35pt>
File: BusEq/full_cumrets_ofint_CAPM.jpg Graphic file (type jpg)

<use BusEq/full_cumrets_ofint_CAPM.jpg>
Package pdftex.def Info: BusEq/full_cumrets_ofint_CAPM.jpg used on input line 9
2.
(pdftex.def)             Requested size: 155.24895pt x 77.62256pt.

<BusEq/bwunif_full_cumrets_ofint_CAPM.jpg, id=12, 722.7pt x 361.35pt>
File: BusEq/bwunif_full_cumrets_ofint_CAPM.jpg Graphic file (type jpg)

<use BusEq/bwunif_full_cumrets_ofint_CAPM.jpg>
Package pdftex.def Info: BusEq/bwunif_full_cumrets_ofint_CAPM.jpg used on input
 line 98.
(pdftex.def)             Requested size: 155.24895pt x 77.62256pt.

<BusEq/pointwiseCIs_layered_FF3.jpg, id=13, 722.7pt x 361.35pt>
File: BusEq/pointwiseCIs_layered_FF3.jpg Graphic file (type jpg)

<use BusEq/pointwiseCIs_layered_FF3.jpg>
Package pdftex.def Info: BusEq/pointwiseCIs_layered_FF3.jpg used on input line 
112.
(pdftex.def)             Requested size: 345.0pt x 172.49767pt.

<BusEq/full_cumrets_ofint_FF3.jpg, id=14, 722.7pt x 361.35pt>
File: BusEq/full_cumrets_ofint_FF3.jpg Graphic file (type jpg)

<use BusEq/full_cumrets_ofint_FF3.jpg>
Package pdftex.def Info: BusEq/full_cumrets_ofint_FF3.jpg used on input line 11
7.
(pdftex.def)             Requested size: 155.24895pt x 77.62256pt.

<BusEq/bwunif_full_cumrets_ofint_FF3.jpg, id=15, 722.7pt x 361.35pt>
File: BusEq/bwunif_full_cumrets_ofint_FF3.jpg Graphic file (type jpg)

<use BusEq/bwunif_full_cumrets_ofint_FF3.jpg>
Package pdftex.def Info: BusEq/bwunif_full_cumrets_ofint_FF3.jpg used on input 
line 123.
(pdftex.def)             Requested size: 155.24895pt x 77.62256pt.

<BusEq/pointwiseCIs_layered_FF5.jpg, id=16, 722.7pt x 361.35pt>
File: BusEq/pointwiseCIs_layered_FF5.jpg Graphic file (type jpg)

<use BusEq/pointwiseCIs_layered_FF5.jpg>
Package pdftex.def Info: BusEq/pointwiseCIs_layered_FF5.jpg used on input line 
137.
(pdftex.def)             Requested size: 345.0pt x 172.49767pt.

<BusEq/full_cumrets_ofint_FF5.jpg, id=17, 722.7pt x 361.35pt>
File: BusEq/full_cumrets_ofint_FF5.jpg Graphic file (type jpg)

<use BusEq/full_cumrets_ofint_FF5.jpg>
Package pdftex.def Info: BusEq/full_cumrets_ofint_FF5.jpg used on input line 14
2.
(pdftex.def)             Requested size: 155.24895pt x 77.62256pt.

<BusEq/bwunif_full_cumrets_ofint_FF5.jpg, id=18, 722.7pt x 361.35pt>
File: BusEq/bwunif_full_cumrets_ofint_FF5.jpg Graphic file (type jpg)

<use BusEq/bwunif_full_cumrets_ofint_FF5.jpg>
Package pdftex.def Info: BusEq/bwunif_full_cumrets_ofint_FF5.jpg used on input 
line 148.
(pdftex.def)             Requested size: 155.24895pt x 77.62256pt.

<Manuf/pointwiseCIs_layered_CAPM.jpg, id=19, 722.7pt x 361.35pt>
File: Manuf/pointwiseCIs_layered_CAPM.jpg Graphic file (type jpg)

<use Manuf/pointwiseCIs_layered_CAPM.jpg>
Package pdftex.def Info: Manuf/pointwiseCIs_layered_CAPM.jpg used on input line
 162.
(pdftex.def)             Requested size: 345.0pt x 172.49767pt.

<Manuf/full_cumrets_ofint_CAPM.jpg, id=20, 722.7pt x 361.35pt>
File: Manuf/full_cumrets_ofint_CAPM.jpg Graphic file (type jpg)

<use Manuf/full_cumrets_ofint_CAPM.jpg>
Package pdftex.def Info: Manuf/full_cumrets_ofint_CAPM.jpg used on input line 1
67.
(pdftex.def)             Requested size: 155.24895pt x 77.62256pt.

<Manuf/bwunif_full_cumrets_ofint_CAPM.jpg, id=21, 722.7pt x 361.35pt>
File: Manuf/bwunif_full_cumrets_ofint_CAPM.jpg Graphic file (type jpg)

<use Manuf/bwunif_full_cumrets_ofint_CAPM.jpg>
Package pdftex.def Info: Manuf/bwunif_full_cumrets_ofint_CAPM.jpg used on input
 line 173.
(pdftex.def)             Requested size: 155.24895pt x 77.62256pt.

<Manuf/pointwiseCIs_layered_FF3.jpg, id=22, 722.7pt x 361.35pt>
File: Manuf/pointwiseCIs_layered_FF3.jpg Graphic file (type jpg)

<use Manuf/pointwiseCIs_layered_FF3.jpg>
Package pdftex.def Info: Manuf/pointwiseCIs_layered_FF3.jpg used on input line 
187.
(pdftex.def)             Requested size: 345.0pt x 172.49767pt.

<Manuf/full_cumrets_ofint_FF3.jpg, id=23, 722.7pt x 361.35pt>
File: Manuf/full_cumrets_ofint_FF3.jpg Graphic file (type jpg)

<use Manuf/full_cumrets_ofint_FF3.jpg>
Package pdftex.def Info: Manuf/full_cumrets_ofint_FF3.jpg used on input line 19
2.
(pdftex.def)             Requested size: 155.24895pt x 77.62256pt.

<Manuf/bwunif_full_cumrets_ofint_FF3.jpg, id=24, 722.7pt x 361.35pt>
File: Manuf/bwunif_full_cumrets_ofint_FF3.jpg Graphic file (type jpg)

<use Manuf/bwunif_full_cumrets_ofint_FF3.jpg>
Package pdftex.def Info: Manuf/bwunif_full_cumrets_ofint_FF3.jpg used on input 
line 198.
(pdftex.def)             Requested size: 155.24895pt x 77.62256pt.

<Manuf/pointwiseCIs_layered_FF5.jpg, id=25, 722.7pt x 361.35pt>
File: Manuf/pointwiseCIs_layered_FF5.jpg Graphic file (type jpg)

<use Manuf/pointwiseCIs_layered_FF5.jpg>
Package pdftex.def Info: Manuf/pointwiseCIs_layered_FF5.jpg used on input line 
212.
(pdftex.def)             Requested size: 345.0pt x 172.49767pt.

<Manuf/full_cumrets_ofint_FF5.jpg, id=26, 722.7pt x 361.35pt>
File: Manuf/full_cumrets_ofint_FF5.jpg Graphic file (type jpg)

<use Manuf/full_cumrets_ofint_FF5.jpg>
Package pdftex.def Info: Manuf/full_cumrets_ofint_FF5.jpg used on input line 21
7.
(pdftex.def)             Requested size: 155.24895pt x 77.62256pt.

<Manuf/bwunif_full_cumrets_ofint_FF5.jpg, id=27, 722.7pt x 361.35pt>
File: Manuf/bwunif_full_cumrets_ofint_FF5.jpg Graphic file (type jpg)

<use Manuf/bwunif_full_cumrets_ofint_FF5.jpg>
Package pdftex.def Info: Manuf/bwunif_full_cumrets_ofint_FF5.jpg used on input 
line 223.
(pdftex.def)             Requested size: 155.24895pt x 77.62256pt.

<Telcm/pointwiseCIs_layered_CAPM.jpg, id=28, 722.7pt x 361.35pt>
File: Telcm/pointwiseCIs_layered_CAPM.jpg Graphic file (type jpg)

<use Telcm/pointwiseCIs_layered_CAPM.jpg>
Package pdftex.def Info: Telcm/pointwiseCIs_layered_CAPM.jpg used on input line
 237.
(pdftex.def)             Requested size: 345.0pt x 172.49767pt.

<Telcm/full_cumrets_ofint_CAPM.jpg, id=29, 722.7pt x 361.35pt>
File: Telcm/full_cumrets_ofint_CAPM.jpg Graphic file (type jpg)

<use Telcm/full_cumrets_ofint_CAPM.jpg>
Package pdftex.def Info: Telcm/full_cumrets_ofint_CAPM.jpg used on input line 2
42.
(pdftex.def)             Requested size: 155.24895pt x 77.62256pt.

<Telcm/bwunif_full_cumrets_ofint_CAPM.jpg, id=30, 722.7pt x 361.35pt>
File: Telcm/bwunif_full_cumrets_ofint_CAPM.jpg Graphic file (type jpg)

<use Telcm/bwunif_full_cumrets_ofint_CAPM.jpg>
Package pdftex.def Info: Telcm/bwunif_full_cumrets_ofint_CAPM.jpg used on input
 line 248.
(pdftex.def)             Requested size: 155.24895pt x 77.62256pt.

<Telcm/pointwiseCIs_layered_FF3.jpg, id=31, 722.7pt x 361.35pt>
File: Telcm/pointwiseCIs_layered_FF3.jpg Graphic file (type jpg)

<use Telcm/pointwiseCIs_layered_FF3.jpg>
Package pdftex.def Info: Telcm/pointwiseCIs_layered_FF3.jpg used on input line 
262.
(pdftex.def)             Requested size: 345.0pt x 172.49767pt.

<Telcm/full_cumrets_ofint_FF3.jpg, id=32, 722.7pt x 361.35pt>
File: Telcm/full_cumrets_ofint_FF3.jpg Graphic file (type jpg)

<use Telcm/full_cumrets_ofint_FF3.jpg>
Package pdftex.def Info: Telcm/full_cumrets_ofint_FF3.jpg used on input line 26
7.
(pdftex.def)             Requested size: 155.24895pt x 77.62256pt.

<Telcm/bwunif_full_cumrets_ofint_FF3.jpg, id=33, 722.7pt x 361.35pt>
File: Telcm/bwunif_full_cumrets_ofint_FF3.jpg Graphic file (type jpg)

<use Telcm/bwunif_full_cumrets_ofint_FF3.jpg>
Package pdftex.def Info: Telcm/bwunif_full_cumrets_ofint_FF3.jpg used on input 
line 273.
(pdftex.def)             Requested size: 155.24895pt x 77.62256pt.

<Telcm/pointwiseCIs_layered_FF5.jpg, id=34, 722.7pt x 361.35pt>
File: Telcm/pointwiseCIs_layered_FF5.jpg Graphic file (type jpg)

<use Telcm/pointwiseCIs_layered_FF5.jpg>
Package pdftex.def Info: Telcm/pointwiseCIs_layered_FF5.jpg used on input line 
287.
(pdftex.def)             Requested size: 345.0pt x 172.49767pt.

<Telcm/full_cumrets_ofint_FF5.jpg, id=35, 722.7pt x 361.35pt>
File: Telcm/full_cumrets_ofint_FF5.jpg Graphic file (type jpg)

<use Telcm/full_cumrets_ofint_FF5.jpg>
Package pdftex.def Info: Telcm/full_cumrets_ofint_FF5.jpg used on input line 29
2.
(pdftex.def)             Requested size: 155.24895pt x 77.62256pt.

<Telcm/bwunif_full_cumrets_ofint_FF5.jpg, id=36, 722.7pt x 361.35pt>
File: Telcm/bwunif_full_cumrets_ofint_FF5.jpg Graphic file (type jpg)

<use Telcm/bwunif_full_cumrets_ofint_FF5.jpg>
Package pdftex.def Info: Telcm/bwunif_full_cumrets_ofint_FF5.jpg used on input 
line 298.
(pdftex.def)             Requested size: 155.24895pt x 77.62256pt.

<Other/pointwiseCIs_layered_CAPM.jpg, id=37, 722.7pt x 361.35pt>
File: Other/pointwiseCIs_layered_CAPM.jpg Graphic file (type jpg)

<use Other/pointwiseCIs_layered_CAPM.jpg>
Package pdftex.def Info: Other/pointwiseCIs_layered_CAPM.jpg used on input line
 312.
(pdftex.def)             Requested size: 345.0pt x 172.49767pt.

<Other/full_cumrets_ofint_CAPM.jpg, id=38, 722.7pt x 361.35pt>
File: Other/full_cumrets_ofint_CAPM.jpg Graphic file (type jpg)

<use Other/full_cumrets_ofint_CAPM.jpg>
Package pdftex.def Info: Other/full_cumrets_ofint_CAPM.jpg used on input line 3
17.
(pdftex.def)             Requested size: 155.24895pt x 77.62256pt.

<Other/bwunif_full_cumrets_ofint_CAPM.jpg, id=39, 722.7pt x 361.35pt>
File: Other/bwunif_full_cumrets_ofint_CAPM.jpg Graphic file (type jpg)

<use Other/bwunif_full_cumrets_ofint_CAPM.jpg>
Package pdftex.def Info: Other/bwunif_full_cumrets_ofint_CAPM.jpg used on input
 line 323.
(pdftex.def)             Requested size: 155.24895pt x 77.62256pt.

<Other/pointwiseCIs_layered_FF3.jpg, id=40, 722.7pt x 361.35pt>
File: Other/pointwiseCIs_layered_FF3.jpg Graphic file (type jpg)

<use Other/pointwiseCIs_layered_FF3.jpg>
Package pdftex.def Info: Other/pointwiseCIs_layered_FF3.jpg used on input line 
337.
(pdftex.def)             Requested size: 345.0pt x 172.49767pt.

<Other/full_cumrets_ofint_FF3.jpg, id=41, 722.7pt x 361.35pt>
File: Other/full_cumrets_ofint_FF3.jpg Graphic file (type jpg)

<use Other/full_cumrets_ofint_FF3.jpg>
Package pdftex.def Info: Other/full_cumrets_ofint_FF3.jpg used on input line 34
2.
(pdftex.def)             Requested size: 155.24895pt x 77.62256pt.

<Other/bwunif_full_cumrets_ofint_FF3.jpg, id=42, 722.7pt x 361.35pt>
File: Other/bwunif_full_cumrets_ofint_FF3.jpg Graphic file (type jpg)

<use Other/bwunif_full_cumrets_ofint_FF3.jpg>
Package pdftex.def Info: Other/bwunif_full_cumrets_ofint_FF3.jpg used on input 
line 348.
(pdftex.def)             Requested size: 155.24895pt x 77.62256pt.

<Other/pointwiseCIs_layered_FF5.jpg, id=43, 722.7pt x 361.35pt>
File: Other/pointwiseCIs_layered_FF5.jpg Graphic file (type jpg)

<use Other/pointwiseCIs_layered_FF5.jpg>
Package pdftex.def Info: Other/pointwiseCIs_layered_FF5.jpg used on input line 
362.
(pdftex.def)             Requested size: 345.0pt x 172.49767pt.

<Other/full_cumrets_ofint_FF5.jpg, id=44, 722.7pt x 361.35pt>
File: Other/full_cumrets_ofint_FF5.jpg Graphic file (type jpg)

<use Other/full_cumrets_ofint_FF5.jpg>
Package pdftex.def Info: Other/full_cumrets_ofint_FF5.jpg used on input line 36
7.
(pdftex.def)             Requested size: 155.24895pt x 77.62256pt.

<Other/bwunif_full_cumrets_ofint_FF5.jpg, id=45, 722.7pt x 361.35pt>
File: Other/bwunif_full_cumrets_ofint_FF5.jpg Graphic file (type jpg)

<use Other/bwunif_full_cumrets_ofint_FF5.jpg>
Package pdftex.def Info: Other/bwunif_full_cumrets_ofint_FF5.jpg used on input 
line 373.
(pdftex.def)             Requested size: 155.24895pt x 77.62256pt.
 [1{/usr/local/texlive/2017/texmf-var/fonts/map/pdftex/updmap/pdftex.map} <./Du
rbl/pointwiseCIs_layered_CAPM.jpg> <./Durbl/full_cumrets_ofint_CAPM.jpg> <./Dur
bl/bwunif_full_cumrets_ofint_CAPM.jpg>] [2 <./Durbl/pointwiseCIs_layered_FF3.jp
g> <./Durbl/full_cumrets_ofint_FF3.jpg> <./Durbl/bwunif_full_cumrets_ofint_FF3.
jpg>] [3 <./Durbl/pointwiseCIs_layered_FF5.jpg> <./Durbl/full_cumrets_ofint_FF5
.jpg> <./Durbl/bwunif_full_cumrets_ofint_FF5.jpg>] [4 <./BusEq/pointwiseCIs_lay
ered_CAPM.jpg> <./BusEq/full_cumrets_ofint_CAPM.jpg> <./BusEq/bwunif_full_cumre
ts_ofint_CAPM.jpg>] [5 <./BusEq/pointwiseCIs_layered_FF3.jpg> <./BusEq/full_cum
rets_ofint_FF3.jpg> <./BusEq/bwunif_full_cumrets_ofint_FF3.jpg>] [6 <./BusEq/po
intwiseCIs_layered_FF5.jpg> <./BusEq/full_cumrets_ofint_FF5.jpg> <./BusEq/bwuni
f_full_cumrets_ofint_FF5.jpg>]
[7 <./Manuf/pointwiseCIs_layered_CAPM.jpg> <./Manuf/full_cumrets_ofint_CAPM.jpg
> <./Manuf/bwunif_full_cumrets_ofint_CAPM.jpg>] [8 <./Manuf/pointwiseCIs_layere
d_FF3.jpg> <./Manuf/full_cumrets_ofint_FF3.jpg> <./Manuf/bwunif_full_cumrets_of
int_FF3.jpg>] [9 <./Manuf/pointwiseCIs_layered_FF5.jpg> <./Manuf/full_cumrets_o
fint_FF5.jpg> <./Manuf/bwunif_full_cumrets_ofint_FF5.jpg>] [10 <./Telcm/pointwi
seCIs_layered_CAPM.jpg> <./Telcm/full_cumrets_ofint_CAPM.jpg> <./Telcm/bwunif_f
ull_cumrets_ofint_CAPM.jpg>] [11 <./Telcm/pointwiseCIs_layered_FF3.jpg> <./Telc
m/full_cumrets_ofint_FF3.jpg> <./Telcm/bwunif_full_cumrets_ofint_FF3.jpg>]
[12 <./Telcm/pointwiseCIs_layered_FF5.jpg> <./Telcm/full_cumrets_ofint_FF5.jpg>
 <./Telcm/bwunif_full_cumrets_ofint_FF5.jpg>] [13 <./Other/pointwiseCIs_layered
_CAPM.jpg> <./Other/full_cumrets_ofint_CAPM.jpg> <./Other/bwunif_full_cumrets_o
fint_CAPM.jpg>] [14 <./Other/pointwiseCIs_layered_FF3.jpg> <./Other/full_cumret
s_ofint_FF3.jpg> <./Other/bwunif_full_cumrets_ofint_FF3.jpg>] [15 <./Other/poin
twiseCIs_layered_FF5.jpg> <./Other/full_cumrets_ofint_FF5.jpg> <./Other/bwunif_
full_cumrets_ofint_FF5.jpg>] (./layered_CIs_and_returns_ofint.aux)

LaTeX Warning: There were multiply-defined labels.

 ) 
Here is how much of TeX's memory you used:
 2789 strings out of 492995
 49440 string characters out of 6132704
 111474 words of memory out of 5000000
 6338 multiletter control sequences out of 15000+600000
 3939 words of font info for 15 fonts, out of 8000000 for 9000
 1141 hyphenation exceptions out of 8191
 42i,7n,40p,273b,431s stack positions out of 5000i,500n,10000p,200000b,80000s
</usr/local/texlive/2017/texmf-dist/fonts/type1/public/amsfonts/cm/cmr10.pfb>
</usr/local/texlive/2017/texmf-dist/fonts/type1/public/amsfonts/cm/cmr9.pfb>
Output written on layered_CIs_and_returns_ofint.pdf (15 pages, 2799102 bytes).
PDF statistics:
 106 PDF objects out of 1000 (max. 8388607)
 41 compressed objects within 1 object stream
 0 named destinations out of 1000 (max. 500000)
 226 words of extra memory for PDF output out of 10000 (max. 10000000)

