This is pdfTeX, Version 3.14159265-2.6-1.40.18 (TeX Live 2017) (preloaded format=pdflatex 2017.5.23)  31 MAR 2018 23:34
entering extended mode
 restricted \write18 enabled.
 file:line:error style messages enabled.
 %&-line parsing enabled.
**pointwise_CIs_comp.tex
(./pointwise_CIs_comp.tex
LaTeX2e <2017-04-15>
Babel <3.10> and hyphenation patterns for 84 language(s) loaded.
(/usr/local/texlive/2017/texmf-dist/tex/latex/base/article.cls
Document Class: article 2014/09/29 v1.4h Standard LaTeX document class
(/usr/local/texlive/2017/texmf-dist/tex/latex/base/size10.clo
File: size10.clo 2014/09/29 v1.4h Standard LaTeX file (size option)
)
\c@part=\count79
\c@section=\count80
\c@subsection=\count81
\c@subsubsection=\count82
\c@paragraph=\count83
\c@subparagraph=\count84
\c@figure=\count85
\c@table=\count86
\abovecaptionskip=\skip41
\belowcaptionskip=\skip42
\bibindent=\dimen102
)
(/usr/local/texlive/2017/texmf-dist/tex/latex/graphics/graphicx.sty
Package: graphicx 2014/10/28 v1.0g Enhanced LaTeX Graphics (DPC,SPQR)

(/usr/local/texlive/2017/texmf-dist/tex/latex/graphics/keyval.sty
Package: keyval 2014/10/28 v1.15 key=value parser (DPC)
\KV@toks@=\toks14
)
(/usr/local/texlive/2017/texmf-dist/tex/latex/graphics/graphics.sty
Package: graphics 2017/04/14 v1.1b Standard LaTeX Graphics (DPC,SPQR)

(/usr/local/texlive/2017/texmf-dist/tex/latex/graphics/trig.sty
Package: trig 2016/01/03 v1.10 sin cos tan (DPC)
)
(/usr/local/texlive/2017/texmf-dist/tex/latex/graphics-cfg/graphics.cfg
File: graphics.cfg 2016/06/04 v1.11 sample graphics configuration
)
Package graphics Info: Driver file: pdftex.def on input line 99.

(/usr/local/texlive/2017/texmf-dist/tex/latex/graphics-def/pdftex.def
File: pdftex.def 2017/01/12 v0.06k Graphics/color for pdfTeX

(/usr/local/texlive/2017/texmf-dist/tex/generic/oberdiek/infwarerr.sty
Package: infwarerr 2016/05/16 v1.4 Providing info/warning/error messages (HO)
)
(/usr/local/texlive/2017/texmf-dist/tex/generic/oberdiek/ltxcmds.sty
Package: ltxcmds 2016/05/16 v1.23 LaTeX kernel commands for general use (HO)
)
\Gread@gobject=\count87
))
\Gin@req@height=\dimen103
\Gin@req@width=\dimen104
)
(/usr/local/texlive/2017/texmf-dist/tex/latex/caption/subcaption.sty
Package: subcaption 2016/05/22 v1.1-161 Sub-captions (AR)

(/usr/local/texlive/2017/texmf-dist/tex/latex/caption/caption.sty
Package: caption 2016/02/21 v3.3-144 Customizing captions (AR)

(/usr/local/texlive/2017/texmf-dist/tex/latex/caption/caption3.sty
Package: caption3 2016/05/22 v1.7-166 caption3 kernel (AR)
Package caption3 Info: TeX engine: e-TeX on input line 67.
\captionmargin=\dimen105
\captionmargin@=\dimen106
\captionwidth=\dimen107
\caption@tempdima=\dimen108
\caption@indent=\dimen109
\caption@parindent=\dimen110
\caption@hangindent=\dimen111
)
\c@ContinuedFloat=\count88
)
\c@subfigure=\count89
\c@subtable=\count90
)
(./pointwise_CIs_comp.aux

LaTeX Warning: Label `fig:1' multiply defined.


LaTeX Warning: Label `sub@fig:1' multiply defined.


LaTeX Warning: Label `fig:2' multiply defined.


LaTeX Warning: Label `sub@fig:2' multiply defined.


LaTeX Warning: Label `fig:1' multiply defined.


LaTeX Warning: Label `sub@fig:1' multiply defined.


LaTeX Warning: Label `fig:2' multiply defined.


LaTeX Warning: Label `sub@fig:2' multiply defined.


LaTeX Warning: Label `fig:1' multiply defined.


LaTeX Warning: Label `sub@fig:1' multiply defined.


LaTeX Warning: Label `fig:2' multiply defined.


LaTeX Warning: Label `sub@fig:2' multiply defined.


LaTeX Warning: Label `fig:1' multiply defined.


LaTeX Warning: Label `sub@fig:1' multiply defined.


LaTeX Warning: Label `fig:2' multiply defined.


LaTeX Warning: Label `sub@fig:2' multiply defined.


LaTeX Warning: Label `fig:1' multiply defined.


LaTeX Warning: Label `sub@fig:1' multiply defined.


LaTeX Warning: Label `fig:2' multiply defined.


LaTeX Warning: Label `sub@fig:2' multiply defined.

)
\openout1 = `pointwise_CIs_comp.aux'.

LaTeX Font Info:    Checking defaults for OML/cmm/m/it on input line 5.
LaTeX Font Info:    ... okay on input line 5.
LaTeX Font Info:    Checking defaults for T1/cmr/m/n on input line 5.
LaTeX Font Info:    ... okay on input line 5.
LaTeX Font Info:    Checking defaults for OT1/cmr/m/n on input line 5.
LaTeX Font Info:    ... okay on input line 5.
LaTeX Font Info:    Checking defaults for OMS/cmsy/m/n on input line 5.
LaTeX Font Info:    ... okay on input line 5.
LaTeX Font Info:    Checking defaults for OMX/cmex/m/n on input line 5.
LaTeX Font Info:    ... okay on input line 5.
LaTeX Font Info:    Checking defaults for U/cmr/m/n on input line 5.
LaTeX Font Info:    ... okay on input line 5.
 (/usr/local/texlive/2017/texmf-dist/tex/context/base/mkii/supp-pdf.mkii
[Loading MPS to PDF converter (version 2006.09.02).]
\scratchcounter=\count91
\scratchdimen=\dimen112
\scratchbox=\box26
\nofMPsegments=\count92
\nofMParguments=\count93
\everyMPshowfont=\toks15
\MPscratchCnt=\count94
\MPscratchDim=\dimen113
\MPnumerator=\count95
\makeMPintoPDFobject=\count96
\everyMPtoPDFconversion=\toks16
) (/usr/local/texlive/2017/texmf-dist/tex/generic/oberdiek/pdftexcmds.sty
Package: pdftexcmds 2017/03/19 v0.25 Utility functions of pdfTeX for LuaTeX (HO
)

(/usr/local/texlive/2017/texmf-dist/tex/generic/oberdiek/ifluatex.sty
Package: ifluatex 2016/05/16 v1.4 Provides the ifluatex switch (HO)
Package ifluatex Info: LuaTeX not detected.
)
(/usr/local/texlive/2017/texmf-dist/tex/generic/oberdiek/ifpdf.sty
Package: ifpdf 2017/03/15 v3.2 Provides the ifpdf switch
)
Package pdftexcmds Info: LuaTeX not detected.
Package pdftexcmds Info: \pdf@primitive is available.
Package pdftexcmds Info: \pdf@ifprimitive is available.
Package pdftexcmds Info: \pdfdraftmode found.
)
(/usr/local/texlive/2017/texmf-dist/tex/latex/oberdiek/epstopdf-base.sty
Package: epstopdf-base 2016/05/15 v2.6 Base part for package epstopdf

(/usr/local/texlive/2017/texmf-dist/tex/latex/oberdiek/grfext.sty
Package: grfext 2016/05/16 v1.2 Manage graphics extensions (HO)

(/usr/local/texlive/2017/texmf-dist/tex/generic/oberdiek/kvdefinekeys.sty
Package: kvdefinekeys 2016/05/16 v1.4 Define keys (HO)
))
(/usr/local/texlive/2017/texmf-dist/tex/latex/oberdiek/kvoptions.sty
Package: kvoptions 2016/05/16 v3.12 Key value format for package options (HO)

(/usr/local/texlive/2017/texmf-dist/tex/generic/oberdiek/kvsetkeys.sty
Package: kvsetkeys 2016/05/16 v1.17 Key value parser (HO)

(/usr/local/texlive/2017/texmf-dist/tex/generic/oberdiek/etexcmds.sty
Package: etexcmds 2016/05/16 v1.6 Avoid name clashes with e-TeX commands (HO)
Package etexcmds Info: Could not find \expanded.
(etexcmds)             That can mean that you are not using pdfTeX 1.50 or
(etexcmds)             that some package has redefined \expanded.
(etexcmds)             In the latter case, load this package earlier.
)))
Package epstopdf-base Info: Redefining graphics rule for `.eps' on input line 4
38.
Package grfext Info: Graphics extension search list:
(grfext)             [.png,.pdf,.jpg,.mps,.jpeg,.jbig2,.jb2,.PNG,.PDF,.JPG,.JPE
G,.JBIG2,.JB2,.eps]
(grfext)             \AppendGraphicsExtensions on input line 456.

(/usr/local/texlive/2017/texmf-dist/tex/latex/latexconfig/epstopdf-sys.cfg
File: epstopdf-sys.cfg 2010/07/13 v1.3 Configuration of (r)epstopdf for TeX Liv
e
))
Package caption Info: Begin \AtBeginDocument code.
Package caption Info: End \AtBeginDocument code.

<BusEq/pointwiseCIs_CAPM.jpg, id=1, 722.7pt x 361.35pt>
File: BusEq/pointwiseCIs_CAPM.jpg Graphic file (type jpg)

<use BusEq/pointwiseCIs_CAPM.jpg>
Package pdftex.def Info: BusEq/pointwiseCIs_CAPM.jpg used on input line 10.
(pdftex.def)             Requested size: 172.5pt x 86.24606pt.

<BusEq/pointwiseCIs_FF3.jpg, id=2, 722.7pt x 361.35pt>
File: BusEq/pointwiseCIs_FF3.jpg Graphic file (type jpg)

<use BusEq/pointwiseCIs_FF3.jpg>
Package pdftex.def Info: BusEq/pointwiseCIs_FF3.jpg used on input line 17.
(pdftex.def)             Requested size: 172.5pt x 86.24606pt.

Overfull \hbox (2.22221pt too wide) in paragraph at lines 8--22
[][] [] 
 []

<Chems/pointwiseCIs_CAPM.jpg, id=3, 722.7pt x 361.35pt>
File: Chems/pointwiseCIs_CAPM.jpg Graphic file (type jpg)

<use Chems/pointwiseCIs_CAPM.jpg>
Package pdftex.def Info: Chems/pointwiseCIs_CAPM.jpg used on input line 27.
(pdftex.def)             Requested size: 172.5pt x 86.24606pt.

<Chems/pointwiseCIs_FF3.jpg, id=4, 722.7pt x 361.35pt>
File: Chems/pointwiseCIs_FF3.jpg Graphic file (type jpg)

<use Chems/pointwiseCIs_FF3.jpg>
Package pdftex.def Info: Chems/pointwiseCIs_FF3.jpg used on input line 34.
(pdftex.def)             Requested size: 172.5pt x 86.24606pt.

Overfull \hbox (2.22221pt too wide) in paragraph at lines 25--39
[][] [] 
 []

<Durbl/pointwiseCIs_CAPM.jpg, id=5, 722.7pt x 361.35pt>
File: Durbl/pointwiseCIs_CAPM.jpg Graphic file (type jpg)

<use Durbl/pointwiseCIs_CAPM.jpg>
Package pdftex.def Info: Durbl/pointwiseCIs_CAPM.jpg used on input line 44.
(pdftex.def)             Requested size: 172.5pt x 86.24606pt.

<Durbl/pointwiseCIs_FF3.jpg, id=6, 722.7pt x 361.35pt>
File: Durbl/pointwiseCIs_FF3.jpg Graphic file (type jpg)

<use Durbl/pointwiseCIs_FF3.jpg>
Package pdftex.def Info: Durbl/pointwiseCIs_FF3.jpg used on input line 51.
(pdftex.def)             Requested size: 172.5pt x 86.24606pt.

Overfull \hbox (2.22221pt too wide) in paragraph at lines 42--56
[][] [] 
 []

<NoDur/pointwiseCIs_CAPM.jpg, id=7, 722.7pt x 361.35pt>
File: NoDur/pointwiseCIs_CAPM.jpg Graphic file (type jpg)

<use NoDur/pointwiseCIs_CAPM.jpg>
Package pdftex.def Info: NoDur/pointwiseCIs_CAPM.jpg used on input line 61.
(pdftex.def)             Requested size: 172.5pt x 86.24606pt.

<NoDur/pointwiseCIs_FF3.jpg, id=8, 722.7pt x 361.35pt>
File: NoDur/pointwiseCIs_FF3.jpg Graphic file (type jpg)

<use NoDur/pointwiseCIs_FF3.jpg>
Package pdftex.def Info: NoDur/pointwiseCIs_FF3.jpg used on input line 68.
(pdftex.def)             Requested size: 172.5pt x 86.24606pt.

Overfull \hbox (2.22221pt too wide) in paragraph at lines 59--73
[][] [] 
 []

<Enrgy/pointwiseCIs_CAPM.jpg, id=9, 722.7pt x 361.35pt>
File: Enrgy/pointwiseCIs_CAPM.jpg Graphic file (type jpg)

<use Enrgy/pointwiseCIs_CAPM.jpg>
Package pdftex.def Info: Enrgy/pointwiseCIs_CAPM.jpg used on input line 78.
(pdftex.def)             Requested size: 172.5pt x 86.24606pt.

<Enrgy/pointwiseCIs_FF3.jpg, id=10, 722.7pt x 361.35pt>
File: Enrgy/pointwiseCIs_FF3.jpg Graphic file (type jpg)

<use Enrgy/pointwiseCIs_FF3.jpg>
Package pdftex.def Info: Enrgy/pointwiseCIs_FF3.jpg used on input line 85.
(pdftex.def)             Requested size: 172.5pt x 86.24606pt.

Overfull \hbox (2.22221pt too wide) in paragraph at lines 76--90
[][] [] 
 []

<Manuf/pointwiseCIs_CAPM.jpg, id=11, 722.7pt x 361.35pt>
File: Manuf/pointwiseCIs_CAPM.jpg Graphic file (type jpg)

<use Manuf/pointwiseCIs_CAPM.jpg>
Package pdftex.def Info: Manuf/pointwiseCIs_CAPM.jpg used on input line 97.
(pdftex.def)             Requested size: 172.5pt x 86.24606pt.

<Manuf/pointwiseCIs_FF3.jpg, id=12, 722.7pt x 361.35pt>
File: Manuf/pointwiseCIs_FF3.jpg Graphic file (type jpg)

<use Manuf/pointwiseCIs_FF3.jpg>
Package pdftex.def Info: Manuf/pointwiseCIs_FF3.jpg used on input line 104.
(pdftex.def)             Requested size: 172.5pt x 86.24606pt.

Overfull \hbox (2.22221pt too wide) in paragraph at lines 95--109
[][] [] 
 []

<Telcm/pointwiseCIs_CAPM.jpg, id=13, 722.7pt x 361.35pt>
File: Telcm/pointwiseCIs_CAPM.jpg Graphic file (type jpg)

<use Telcm/pointwiseCIs_CAPM.jpg>
Package pdftex.def Info: Telcm/pointwiseCIs_CAPM.jpg used on input line 114.
(pdftex.def)             Requested size: 172.5pt x 86.24606pt.

<Telcm/pointwiseCIs_FF3.jpg, id=14, 722.7pt x 361.35pt>
File: Telcm/pointwiseCIs_FF3.jpg Graphic file (type jpg)

<use Telcm/pointwiseCIs_FF3.jpg>
Package pdftex.def Info: Telcm/pointwiseCIs_FF3.jpg used on input line 121.
(pdftex.def)             Requested size: 172.5pt x 86.24606pt.

Overfull \hbox (2.22221pt too wide) in paragraph at lines 112--126
[][] [] 
 []

[1{/usr/local/texlive/2017/texmf-var/fonts/map/pdftex/updmap/pdftex.map} <./Bus
Eq/pointwiseCIs_CAPM.jpg> <./BusEq/pointwiseCIs_FF3.jpg> <./Chems/pointwiseCIs_
CAPM.jpg> <./Chems/pointwiseCIs_FF3.jpg> <./Durbl/pointwiseCIs_CAPM.jpg> <./Dur
bl/pointwiseCIs_FF3.jpg> <./NoDur/pointwiseCIs_CAPM.jpg> <./NoDur/pointwiseCIs_
FF3.jpg> <./Enrgy/pointwiseCIs_CAPM.jpg> <./Enrgy/pointwiseCIs_FF3.jpg>]
[2 <./Manuf/pointwiseCIs_CAPM.jpg> <./Manuf/pointwiseCIs_FF3.jpg> <./Telcm/poin
twiseCIs_CAPM.jpg> <./Telcm/pointwiseCIs_FF3.jpg>] (./pointwise_CIs_comp.aux)

LaTeX Warning: There were multiply-defined labels.

 ) 
Here is how much of TeX's memory you used:
 2661 strings out of 492995
 43587 string characters out of 6132704
 103468 words of memory out of 5000000
 6215 multiletter control sequences out of 15000+600000
 3939 words of font info for 15 fonts, out of 8000000 for 9000
 1141 hyphenation exceptions out of 8191
 42i,7n,40p,262b,440s stack positions out of 5000i,500n,10000p,200000b,80000s
</usr/local/texlive/2017/texmf-dist/fonts/type1/public/amsfonts/cm/cmr10.pfb>
</usr/local/texlive/2017/texmf-dist/fonts/type1/public/amsfonts/cm/cmr9.pfb>
Output written on pointwise_CIs_comp.pdf (2 pages, 951864 bytes).
PDF statistics:
 33 PDF objects out of 1000 (max. 8388607)
 12 compressed objects within 1 object stream
 0 named destinations out of 1000 (max. 500000)
 71 words of extra memory for PDF output out of 10000 (max. 10000000)

