This is pdfTeX, Version 3.14159265-2.6-1.40.18 (TeX Live 2017) (preloaded format=pdflatex 2017.5.23)  9 APR 2018 13:35
entering extended mode
 restricted \write18 enabled.
 file:line:error style messages enabled.
 %&-line parsing enabled.
**tau_02_comp.tex
(./tau_02_comp.tex
LaTeX2e <2017-04-15>
Babel <3.10> and hyphenation patterns for 84 language(s) loaded.
(/usr/local/texlive/2017/texmf-dist/tex/latex/base/article.cls
Document Class: article 2014/09/29 v1.4h Standard LaTeX document class
(/usr/local/texlive/2017/texmf-dist/tex/latex/base/size10.clo
File: size10.clo 2014/09/29 v1.4h Standard LaTeX file (size option)
)
\c@part=\count79
\c@section=\count80
\c@subsection=\count81
\c@subsubsection=\count82
\c@paragraph=\count83
\c@subparagraph=\count84
\c@figure=\count85
\c@table=\count86
\abovecaptionskip=\skip41
\belowcaptionskip=\skip42
\bibindent=\dimen102
)
(/usr/local/texlive/2017/texmf-dist/tex/latex/graphics/graphicx.sty
Package: graphicx 2014/10/28 v1.0g Enhanced LaTeX Graphics (DPC,SPQR)

(/usr/local/texlive/2017/texmf-dist/tex/latex/graphics/keyval.sty
Package: keyval 2014/10/28 v1.15 key=value parser (DPC)
\KV@toks@=\toks14
)
(/usr/local/texlive/2017/texmf-dist/tex/latex/graphics/graphics.sty
Package: graphics 2017/04/14 v1.1b Standard LaTeX Graphics (DPC,SPQR)

(/usr/local/texlive/2017/texmf-dist/tex/latex/graphics/trig.sty
Package: trig 2016/01/03 v1.10 sin cos tan (DPC)
)
(/usr/local/texlive/2017/texmf-dist/tex/latex/graphics-cfg/graphics.cfg
File: graphics.cfg 2016/06/04 v1.11 sample graphics configuration
)
Package graphics Info: Driver file: pdftex.def on input line 99.

(/usr/local/texlive/2017/texmf-dist/tex/latex/graphics-def/pdftex.def
File: pdftex.def 2017/01/12 v0.06k Graphics/color for pdfTeX

(/usr/local/texlive/2017/texmf-dist/tex/generic/oberdiek/infwarerr.sty
Package: infwarerr 2016/05/16 v1.4 Providing info/warning/error messages (HO)
)
(/usr/local/texlive/2017/texmf-dist/tex/generic/oberdiek/ltxcmds.sty
Package: ltxcmds 2016/05/16 v1.23 LaTeX kernel commands for general use (HO)
)
\Gread@gobject=\count87
))
\Gin@req@height=\dimen103
\Gin@req@width=\dimen104
)
(/usr/local/texlive/2017/texmf-dist/tex/latex/caption/subcaption.sty
Package: subcaption 2016/05/22 v1.1-161 Sub-captions (AR)

(/usr/local/texlive/2017/texmf-dist/tex/latex/caption/caption.sty
Package: caption 2016/02/21 v3.3-144 Customizing captions (AR)

(/usr/local/texlive/2017/texmf-dist/tex/latex/caption/caption3.sty
Package: caption3 2016/05/22 v1.7-166 caption3 kernel (AR)
Package caption3 Info: TeX engine: e-TeX on input line 67.
\captionmargin=\dimen105
\captionmargin@=\dimen106
\captionwidth=\dimen107
\caption@tempdima=\dimen108
\caption@indent=\dimen109
\caption@parindent=\dimen110
\caption@hangindent=\dimen111
)
\c@ContinuedFloat=\count88
)
\c@subfigure=\count89
\c@subtable=\count90
)
(./tau_02_comp.aux

LaTeX Warning: Label `fig:2' multiply defined.


LaTeX Warning: Label `sub@fig:2' multiply defined.


LaTeX Warning: Label `fig:1' multiply defined.


LaTeX Warning: Label `sub@fig:1' multiply defined.


LaTeX Warning: Label `fig:2' multiply defined.


LaTeX Warning: Label `sub@fig:2' multiply defined.


LaTeX Warning: Label `fig:1' multiply defined.


LaTeX Warning: Label `sub@fig:1' multiply defined.


LaTeX Warning: Label `fig:1' multiply defined.


LaTeX Warning: Label `sub@fig:1' multiply defined.


LaTeX Warning: Label `fig:2' multiply defined.


LaTeX Warning: Label `sub@fig:2' multiply defined.


LaTeX Warning: Label `fig:2' multiply defined.


LaTeX Warning: Label `sub@fig:2' multiply defined.


LaTeX Warning: Label `fig:1' multiply defined.


LaTeX Warning: Label `sub@fig:1' multiply defined.


LaTeX Warning: Label `fig:2' multiply defined.


LaTeX Warning: Label `sub@fig:2' multiply defined.


LaTeX Warning: Label `fig:2' multiply defined.


LaTeX Warning: Label `sub@fig:2' multiply defined.


LaTeX Warning: Label `fig:1' multiply defined.


LaTeX Warning: Label `sub@fig:1' multiply defined.


LaTeX Warning: Label `fig:2' multiply defined.


LaTeX Warning: Label `sub@fig:2' multiply defined.


LaTeX Warning: Label `fig:2' multiply defined.


LaTeX Warning: Label `sub@fig:2' multiply defined.


LaTeX Warning: Label `fig:1' multiply defined.


LaTeX Warning: Label `sub@fig:1' multiply defined.


LaTeX Warning: Label `fig:2' multiply defined.


LaTeX Warning: Label `sub@fig:2' multiply defined.


LaTeX Warning: Label `fig:1' multiply defined.


LaTeX Warning: Label `sub@fig:1' multiply defined.


LaTeX Warning: Label `fig:2' multiply defined.


LaTeX Warning: Label `sub@fig:2' multiply defined.


LaTeX Warning: Label `fig:2' multiply defined.


LaTeX Warning: Label `sub@fig:2' multiply defined.


LaTeX Warning: Label `fig:1' multiply defined.


LaTeX Warning: Label `sub@fig:1' multiply defined.


LaTeX Warning: Label `fig:2' multiply defined.


LaTeX Warning: Label `sub@fig:2' multiply defined.


LaTeX Warning: Label `fig:2' multiply defined.


LaTeX Warning: Label `sub@fig:2' multiply defined.


LaTeX Warning: Label `fig:1' multiply defined.


LaTeX Warning: Label `sub@fig:1' multiply defined.


LaTeX Warning: Label `fig:2' multiply defined.


LaTeX Warning: Label `sub@fig:2' multiply defined.


LaTeX Warning: Label `fig:2' multiply defined.


LaTeX Warning: Label `sub@fig:2' multiply defined.


LaTeX Warning: Label `fig:1' multiply defined.


LaTeX Warning: Label `sub@fig:1' multiply defined.


LaTeX Warning: Label `fig:2' multiply defined.


LaTeX Warning: Label `sub@fig:2' multiply defined.


LaTeX Warning: Label `fig:2' multiply defined.


LaTeX Warning: Label `sub@fig:2' multiply defined.


LaTeX Warning: Label `fig:1' multiply defined.


LaTeX Warning: Label `sub@fig:1' multiply defined.


LaTeX Warning: Label `fig:2' multiply defined.


LaTeX Warning: Label `sub@fig:2' multiply defined.


LaTeX Warning: Label `fig:2' multiply defined.


LaTeX Warning: Label `sub@fig:2' multiply defined.


LaTeX Warning: Label `fig:1' multiply defined.


LaTeX Warning: Label `sub@fig:1' multiply defined.


LaTeX Warning: Label `fig:2' multiply defined.


LaTeX Warning: Label `sub@fig:2' multiply defined.


LaTeX Warning: Label `fig:2' multiply defined.


LaTeX Warning: Label `sub@fig:2' multiply defined.

)
\openout1 = `tau_02_comp.aux'.

LaTeX Font Info:    Checking defaults for OML/cmm/m/it on input line 5.
LaTeX Font Info:    ... okay on input line 5.
LaTeX Font Info:    Checking defaults for T1/cmr/m/n on input line 5.
LaTeX Font Info:    ... okay on input line 5.
LaTeX Font Info:    Checking defaults for OT1/cmr/m/n on input line 5.
LaTeX Font Info:    ... okay on input line 5.
LaTeX Font Info:    Checking defaults for OMS/cmsy/m/n on input line 5.
LaTeX Font Info:    ... okay on input line 5.
LaTeX Font Info:    Checking defaults for OMX/cmex/m/n on input line 5.
LaTeX Font Info:    ... okay on input line 5.
LaTeX Font Info:    Checking defaults for U/cmr/m/n on input line 5.
LaTeX Font Info:    ... okay on input line 5.
 (/usr/local/texlive/2017/texmf-dist/tex/context/base/mkii/supp-pdf.mkii
[Loading MPS to PDF converter (version 2006.09.02).]
\scratchcounter=\count91
\scratchdimen=\dimen112
\scratchbox=\box26
\nofMPsegments=\count92
\nofMParguments=\count93
\everyMPshowfont=\toks15
\MPscratchCnt=\count94
\MPscratchDim=\dimen113
\MPnumerator=\count95
\makeMPintoPDFobject=\count96
\everyMPtoPDFconversion=\toks16
) (/usr/local/texlive/2017/texmf-dist/tex/generic/oberdiek/pdftexcmds.sty
Package: pdftexcmds 2017/03/19 v0.25 Utility functions of pdfTeX for LuaTeX (HO
)

(/usr/local/texlive/2017/texmf-dist/tex/generic/oberdiek/ifluatex.sty
Package: ifluatex 2016/05/16 v1.4 Provides the ifluatex switch (HO)
Package ifluatex Info: LuaTeX not detected.
)
(/usr/local/texlive/2017/texmf-dist/tex/generic/oberdiek/ifpdf.sty
Package: ifpdf 2017/03/15 v3.2 Provides the ifpdf switch
)
Package pdftexcmds Info: LuaTeX not detected.
Package pdftexcmds Info: \pdf@primitive is available.
Package pdftexcmds Info: \pdf@ifprimitive is available.
Package pdftexcmds Info: \pdfdraftmode found.
)
(/usr/local/texlive/2017/texmf-dist/tex/latex/oberdiek/epstopdf-base.sty
Package: epstopdf-base 2016/05/15 v2.6 Base part for package epstopdf

(/usr/local/texlive/2017/texmf-dist/tex/latex/oberdiek/grfext.sty
Package: grfext 2016/05/16 v1.2 Manage graphics extensions (HO)

(/usr/local/texlive/2017/texmf-dist/tex/generic/oberdiek/kvdefinekeys.sty
Package: kvdefinekeys 2016/05/16 v1.4 Define keys (HO)
))
(/usr/local/texlive/2017/texmf-dist/tex/latex/oberdiek/kvoptions.sty
Package: kvoptions 2016/05/16 v3.12 Key value format for package options (HO)

(/usr/local/texlive/2017/texmf-dist/tex/generic/oberdiek/kvsetkeys.sty
Package: kvsetkeys 2016/05/16 v1.17 Key value parser (HO)

(/usr/local/texlive/2017/texmf-dist/tex/generic/oberdiek/etexcmds.sty
Package: etexcmds 2016/05/16 v1.6 Avoid name clashes with e-TeX commands (HO)
Package etexcmds Info: Could not find \expanded.
(etexcmds)             That can mean that you are not using pdfTeX 1.50 or
(etexcmds)             that some package has redefined \expanded.
(etexcmds)             In the latter case, load this package earlier.
)))
Package epstopdf-base Info: Redefining graphics rule for `.eps' on input line 4
38.
Package grfext Info: Graphics extension search list:
(grfext)             [.png,.pdf,.jpg,.mps,.jpeg,.jbig2,.jb2,.PNG,.PDF,.JPG,.JPE
G,.JBIG2,.JB2,.eps]
(grfext)             \AppendGraphicsExtensions on input line 456.

(/usr/local/texlive/2017/texmf-dist/tex/latex/latexconfig/epstopdf-sys.cfg
File: epstopdf-sys.cfg 2010/07/13 v1.3 Configuration of (r)epstopdf for TeX Liv
e
))
Package caption Info: Begin \AtBeginDocument code.
Package caption Info: End \AtBeginDocument code.

<Durbl/tau_hist_02_CAPM.jpg, id=1, 505.89pt x 361.35pt>
File: Durbl/tau_hist_02_CAPM.jpg Graphic file (type jpg)

<use Durbl/tau_hist_02_CAPM.jpg>
Package pdftex.def Info: Durbl/tau_hist_02_CAPM.jpg used on input line 10.
(pdftex.def)             Requested size: 103.50105pt x 73.92836pt.

<Durbl/tau_hist_02_FF3.jpg, id=2, 505.89pt x 361.35pt>
File: Durbl/tau_hist_02_FF3.jpg Graphic file (type jpg)

<use Durbl/tau_hist_02_FF3.jpg>
Package pdftex.def Info: Durbl/tau_hist_02_FF3.jpg used on input line 16.
(pdftex.def)             Requested size: 103.50105pt x 73.92836pt.

<Durbl/tau_hist_02_FF5.jpg, id=3, 505.89pt x 361.35pt>
File: Durbl/tau_hist_02_FF5.jpg Graphic file (type jpg)

<use Durbl/tau_hist_02_FF5.jpg>
Package pdftex.def Info: Durbl/tau_hist_02_FF5.jpg used on input line 22.
(pdftex.def)             Requested size: 103.50105pt x 73.92836pt.

<NoDur/tau_hist_02_CAPM.jpg, id=4, 505.89pt x 361.35pt>
File: NoDur/tau_hist_02_CAPM.jpg Graphic file (type jpg)

<use NoDur/tau_hist_02_CAPM.jpg>
Package pdftex.def Info: NoDur/tau_hist_02_CAPM.jpg used on input line 32.
(pdftex.def)             Requested size: 103.50105pt x 73.92836pt.

<NoDur/tau_hist_02_FF3.jpg, id=5, 505.89pt x 361.35pt>
File: NoDur/tau_hist_02_FF3.jpg Graphic file (type jpg)

<use NoDur/tau_hist_02_FF3.jpg>
Package pdftex.def Info: NoDur/tau_hist_02_FF3.jpg used on input line 39.
(pdftex.def)             Requested size: 103.50105pt x 73.92836pt.

<NoDur/tau_hist_02_FF5.jpg, id=6, 505.89pt x 361.35pt>
File: NoDur/tau_hist_02_FF5.jpg Graphic file (type jpg)

<use NoDur/tau_hist_02_FF5.jpg>
Package pdftex.def Info: NoDur/tau_hist_02_FF5.jpg used on input line 46.
(pdftex.def)             Requested size: 103.50105pt x 73.92836pt.

<BusEq/tau_hist_02_CAPM.jpg, id=7, 505.89pt x 361.35pt>
File: BusEq/tau_hist_02_CAPM.jpg Graphic file (type jpg)

<use BusEq/tau_hist_02_CAPM.jpg>
Package pdftex.def Info: BusEq/tau_hist_02_CAPM.jpg used on input line 57.
(pdftex.def)             Requested size: 103.50105pt x 73.92836pt.

<BusEq/tau_hist_02_FF3.jpg, id=8, 505.89pt x 361.35pt>
File: BusEq/tau_hist_02_FF3.jpg Graphic file (type jpg)

<use BusEq/tau_hist_02_FF3.jpg>
Package pdftex.def Info: BusEq/tau_hist_02_FF3.jpg used on input line 64.
(pdftex.def)             Requested size: 103.50105pt x 73.92836pt.

<BusEq/tau_hist_02_FF5.jpg, id=9, 505.89pt x 361.35pt>
File: BusEq/tau_hist_02_FF5.jpg Graphic file (type jpg)

<use BusEq/tau_hist_02_FF5.jpg>
Package pdftex.def Info: BusEq/tau_hist_02_FF5.jpg used on input line 71.
(pdftex.def)             Requested size: 103.50105pt x 73.92836pt.

<Chems/tau_hist_02_CAPM.jpg, id=10, 505.89pt x 361.35pt>
File: Chems/tau_hist_02_CAPM.jpg Graphic file (type jpg)

<use Chems/tau_hist_02_CAPM.jpg>
Package pdftex.def Info: Chems/tau_hist_02_CAPM.jpg used on input line 82.
(pdftex.def)             Requested size: 103.50105pt x 73.92836pt.

<Chems/tau_hist_02_FF3.jpg, id=11, 505.89pt x 361.35pt>
File: Chems/tau_hist_02_FF3.jpg Graphic file (type jpg)

<use Chems/tau_hist_02_FF3.jpg>
Package pdftex.def Info: Chems/tau_hist_02_FF3.jpg used on input line 89.
(pdftex.def)             Requested size: 103.50105pt x 73.92836pt.

<Chems/tau_hist_02_FF5.jpg, id=12, 505.89pt x 361.35pt>
File: Chems/tau_hist_02_FF5.jpg Graphic file (type jpg)

<use Chems/tau_hist_02_FF5.jpg>
Package pdftex.def Info: Chems/tau_hist_02_FF5.jpg used on input line 96.
(pdftex.def)             Requested size: 103.50105pt x 73.92836pt.

<Enrgy/tau_hist_02_CAPM.jpg, id=13, 505.89pt x 361.35pt>
File: Enrgy/tau_hist_02_CAPM.jpg Graphic file (type jpg)

<use Enrgy/tau_hist_02_CAPM.jpg>
Package pdftex.def Info: Enrgy/tau_hist_02_CAPM.jpg used on input line 109.
(pdftex.def)             Requested size: 103.50105pt x 73.92836pt.

<Enrgy/tau_hist_02_FF3.jpg, id=14, 505.89pt x 361.35pt>
File: Enrgy/tau_hist_02_FF3.jpg Graphic file (type jpg)

<use Enrgy/tau_hist_02_FF3.jpg>
Package pdftex.def Info: Enrgy/tau_hist_02_FF3.jpg used on input line 116.
(pdftex.def)             Requested size: 103.50105pt x 73.92836pt.

<Enrgy/tau_hist_02_FF5.jpg, id=15, 505.89pt x 361.35pt>
File: Enrgy/tau_hist_02_FF5.jpg Graphic file (type jpg)

<use Enrgy/tau_hist_02_FF5.jpg>
Package pdftex.def Info: Enrgy/tau_hist_02_FF5.jpg used on input line 123.
(pdftex.def)             Requested size: 103.50105pt x 73.92836pt.

<Manuf/tau_hist_02_CAPM.jpg, id=16, 505.89pt x 361.35pt>
File: Manuf/tau_hist_02_CAPM.jpg Graphic file (type jpg)

<use Manuf/tau_hist_02_CAPM.jpg>
Package pdftex.def Info: Manuf/tau_hist_02_CAPM.jpg used on input line 134.
(pdftex.def)             Requested size: 103.50105pt x 73.92836pt.

<Manuf/tau_hist_02_FF3.jpg, id=17, 505.89pt x 361.35pt>
File: Manuf/tau_hist_02_FF3.jpg Graphic file (type jpg)

<use Manuf/tau_hist_02_FF3.jpg>
Package pdftex.def Info: Manuf/tau_hist_02_FF3.jpg used on input line 141.
(pdftex.def)             Requested size: 103.50105pt x 73.92836pt.

<Manuf/tau_hist_02_FF5.jpg, id=18, 505.89pt x 361.35pt>
File: Manuf/tau_hist_02_FF5.jpg Graphic file (type jpg)

<use Manuf/tau_hist_02_FF5.jpg>
Package pdftex.def Info: Manuf/tau_hist_02_FF5.jpg used on input line 148.
(pdftex.def)             Requested size: 103.50105pt x 73.92836pt.

<Money/tau_hist_02_CAPM.jpg, id=19, 505.89pt x 361.35pt>
File: Money/tau_hist_02_CAPM.jpg Graphic file (type jpg)

<use Money/tau_hist_02_CAPM.jpg>
Package pdftex.def Info: Money/tau_hist_02_CAPM.jpg used on input line 159.
(pdftex.def)             Requested size: 103.50105pt x 73.92836pt.

<Money/tau_hist_02_FF3.jpg, id=20, 505.89pt x 361.35pt>
File: Money/tau_hist_02_FF3.jpg Graphic file (type jpg)

<use Money/tau_hist_02_FF3.jpg>
Package pdftex.def Info: Money/tau_hist_02_FF3.jpg used on input line 166.
(pdftex.def)             Requested size: 103.50105pt x 73.92836pt.

<Money/tau_hist_02_FF5.jpg, id=21, 505.89pt x 361.35pt>
File: Money/tau_hist_02_FF5.jpg Graphic file (type jpg)

<use Money/tau_hist_02_FF5.jpg>
Package pdftex.def Info: Money/tau_hist_02_FF5.jpg used on input line 173.
(pdftex.def)             Requested size: 103.50105pt x 73.92836pt.

<Telcm/tau_hist_02_CAPM.jpg, id=22, 505.89pt x 361.35pt>
File: Telcm/tau_hist_02_CAPM.jpg Graphic file (type jpg)

<use Telcm/tau_hist_02_CAPM.jpg>
Package pdftex.def Info: Telcm/tau_hist_02_CAPM.jpg used on input line 184.
(pdftex.def)             Requested size: 103.50105pt x 73.92836pt.

<Telcm/tau_hist_02_FF3.jpg, id=23, 505.89pt x 361.35pt>
File: Telcm/tau_hist_02_FF3.jpg Graphic file (type jpg)

<use Telcm/tau_hist_02_FF3.jpg>
Package pdftex.def Info: Telcm/tau_hist_02_FF3.jpg used on input line 191.
(pdftex.def)             Requested size: 103.50105pt x 73.92836pt.

<Telcm/tau_hist_02_FF5.jpg, id=24, 505.89pt x 361.35pt>
File: Telcm/tau_hist_02_FF5.jpg Graphic file (type jpg)

<use Telcm/tau_hist_02_FF5.jpg>
Package pdftex.def Info: Telcm/tau_hist_02_FF5.jpg used on input line 198.
(pdftex.def)             Requested size: 103.50105pt x 73.92836pt.

<Other/tau_hist_02_CAPM.jpg, id=25, 505.89pt x 361.35pt>
File: Other/tau_hist_02_CAPM.jpg Graphic file (type jpg)

<use Other/tau_hist_02_CAPM.jpg>
Package pdftex.def Info: Other/tau_hist_02_CAPM.jpg used on input line 211.
(pdftex.def)             Requested size: 103.50105pt x 73.92836pt.

<Other/tau_hist_02_FF3.jpg, id=26, 505.89pt x 361.35pt>
File: Other/tau_hist_02_FF3.jpg Graphic file (type jpg)

<use Other/tau_hist_02_FF3.jpg>
Package pdftex.def Info: Other/tau_hist_02_FF3.jpg used on input line 218.
(pdftex.def)             Requested size: 103.50105pt x 73.92836pt.

<Other/tau_hist_02_FF5.jpg, id=27, 505.89pt x 361.35pt>
File: Other/tau_hist_02_FF5.jpg Graphic file (type jpg)

<use Other/tau_hist_02_FF5.jpg>
Package pdftex.def Info: Other/tau_hist_02_FF5.jpg used on input line 225.
(pdftex.def)             Requested size: 103.50105pt x 73.92836pt.

<Shops/tau_hist_02_CAPM.jpg, id=28, 505.89pt x 361.35pt>
File: Shops/tau_hist_02_CAPM.jpg Graphic file (type jpg)

<use Shops/tau_hist_02_CAPM.jpg>
Package pdftex.def Info: Shops/tau_hist_02_CAPM.jpg used on input line 236.
(pdftex.def)             Requested size: 103.50105pt x 73.92836pt.

<Shops/tau_hist_02_FF3.jpg, id=29, 505.89pt x 361.35pt>
File: Shops/tau_hist_02_FF3.jpg Graphic file (type jpg)

<use Shops/tau_hist_02_FF3.jpg>
Package pdftex.def Info: Shops/tau_hist_02_FF3.jpg used on input line 243.
(pdftex.def)             Requested size: 103.50105pt x 73.92836pt.

<Shops/tau_hist_02_FF5.jpg, id=30, 505.89pt x 361.35pt>
File: Shops/tau_hist_02_FF5.jpg Graphic file (type jpg)

<use Shops/tau_hist_02_FF5.jpg>
Package pdftex.def Info: Shops/tau_hist_02_FF5.jpg used on input line 250.
(pdftex.def)             Requested size: 103.50105pt x 73.92836pt.

<Utils/tau_hist_02_CAPM.jpg, id=31, 505.89pt x 361.35pt>
File: Utils/tau_hist_02_CAPM.jpg Graphic file (type jpg)

<use Utils/tau_hist_02_CAPM.jpg>
Package pdftex.def Info: Utils/tau_hist_02_CAPM.jpg used on input line 261.
(pdftex.def)             Requested size: 103.50105pt x 73.92836pt.

<Utils/tau_hist_02_FF3.jpg, id=32, 505.89pt x 361.35pt>
File: Utils/tau_hist_02_FF3.jpg Graphic file (type jpg)

<use Utils/tau_hist_02_FF3.jpg>
Package pdftex.def Info: Utils/tau_hist_02_FF3.jpg used on input line 268.
(pdftex.def)             Requested size: 103.50105pt x 73.92836pt.

<Utils/tau_hist_02_FF5.jpg, id=33, 505.89pt x 361.35pt>
File: Utils/tau_hist_02_FF5.jpg Graphic file (type jpg)

<use Utils/tau_hist_02_FF5.jpg>
Package pdftex.def Info: Utils/tau_hist_02_FF5.jpg used on input line 275.
(pdftex.def)             Requested size: 103.50105pt x 73.92836pt.

<Hlth/tau_hist_02_CAPM.jpg, id=34, 505.89pt x 361.35pt>
File: Hlth/tau_hist_02_CAPM.jpg Graphic file (type jpg)

<use Hlth/tau_hist_02_CAPM.jpg>
Package pdftex.def Info: Hlth/tau_hist_02_CAPM.jpg used on input line 286.
(pdftex.def)             Requested size: 103.50105pt x 73.92836pt.

<Hlth/tau_hist_02_FF3.jpg, id=35, 505.89pt x 361.35pt>
File: Hlth/tau_hist_02_FF3.jpg Graphic file (type jpg)

<use Hlth/tau_hist_02_FF3.jpg>
Package pdftex.def Info: Hlth/tau_hist_02_FF3.jpg used on input line 293.
(pdftex.def)             Requested size: 103.50105pt x 73.92836pt.
 [1{/usr/local/texlive/2017/texmf-var/fonts/map/pdftex/updmap/pdftex.map} <./Du
rbl/tau_hist_02_CAPM.jpg> <./Durbl/tau_hist_02_FF3.jpg> <./Durbl/tau_hist_02_FF
5.jpg> <./NoDur/tau_hist_02_CAPM.jpg> <./NoDur/tau_hist_02_FF3.jpg> <./NoDur/ta
u_hist_02_FF5.jpg> <./BusEq/tau_hist_02_CAPM.jpg> <./BusEq/tau_hist_02_FF3.jpg>
 <./BusEq/tau_hist_02_FF5.jpg> <./Chems/tau_hist_02_CAPM.jpg> <./Chems/tau_hist
_02_FF3.jpg> <./Chems/tau_hist_02_FF5.jpg> <./Enrgy/tau_hist_02_CAPM.jpg> <./En
rgy/tau_hist_02_FF3.jpg> <./Enrgy/tau_hist_02_FF5.jpg>] [2 <./Manuf/tau_hist_02
_CAPM.jpg> <./Manuf/tau_hist_02_FF3.jpg> <./Manuf/tau_hist_02_FF5.jpg> <./Money
/tau_hist_02_CAPM.jpg> <./Money/tau_hist_02_FF3.jpg> <./Money/tau_hist_02_FF5.j
pg> <./Telcm/tau_hist_02_CAPM.jpg> <./Telcm/tau_hist_02_FF3.jpg> <./Telcm/tau_h
ist_02_FF5.jpg> <./Other/tau_hist_02_CAPM.jpg> <./Other/tau_hist_02_FF3.jpg> <.
/Other/tau_hist_02_FF5.jpg> <./Shops/tau_hist_02_CAPM.jpg> <./Shops/tau_hist_02
_FF3.jpg> <./Shops/tau_hist_02_FF5.jpg>] [3 <./Utils/tau_hist_02_CAPM.jpg> <./U
tils/tau_hist_02_FF3.jpg> <./Utils/tau_hist_02_FF5.jpg> <./Hlth/tau_hist_02_CAP
M.jpg> <./Hlth/tau_hist_02_FF3.jpg>]
(./tau_02_comp.aux)

LaTeX Warning: There were multiply-defined labels.

 ) 
Here is how much of TeX's memory you used:
 2751 strings out of 492995
 46105 string characters out of 6132704
 110470 words of memory out of 5000000
 6299 multiletter control sequences out of 15000+600000
 3939 words of font info for 15 fonts, out of 8000000 for 9000
 1141 hyphenation exceptions out of 8191
 42i,7n,40p,255b,436s stack positions out of 5000i,500n,10000p,200000b,80000s
</usr/local/texlive/2017/texmf-dist/fonts/type1/public/amsfonts/cm/cmr10.pfb>
</usr/local/texlive/2017/texmf-dist/fonts/type1/public/amsfonts/cm/cmr9.pfb>
Output written on tau_02_comp.pdf (3 pages, 1033302 bytes).
PDF statistics:
 57 PDF objects out of 1000 (max. 8388607)
 14 compressed objects within 1 object stream
 0 named destinations out of 1000 (max. 500000)
 176 words of extra memory for PDF output out of 10000 (max. 10000000)

